<?xml version="1.0" encoding="UTF-8"?>
<!-- Generated by org.testng.reporters.JUnitXMLReporter -->
<testsuite hostname="DESKTOP-T1UPTMJ" ignored="0" name="Default test" tests="3" failures="0" timestamp="2019-10-10T08:50:35 IST" time="0.054" errors="0">
  <testcase name="thirdmethod" time="0.005" classname="myTestNGPack.Testngbasic"/>
  <testcase name="secondmethod" time="0.001" classname="myTestNGPack.Testngbasic"/>
  <testcase name="fourthmethod" time="0.001" classname="myTestNGPack.Testngbasic"/>
</testsuite> <!-- Default test -->
