<?xml version="1.0" encoding="UTF-8"?>
<!-- Generated by org.testng.reporters.JUnitXMLReporter -->
<testsuite hostname="DESKTOP-T1UPTMJ" ignored="0" name="Chrome" tests="3" failures="0" timestamp="2019-10-07T14:18:24 IST" time="0.053" errors="0">
  <testcase name="Execution" time="0.0" classname="testNG_Practice.ExecutionFlow_Testng"/>
  <testcase name="vinay_Details" time="0.0" classname="testNG_Practice.Sample2"/>
  <testcase name="Divya_Details" time="0.0" classname="testNG_Practice.SampleClass"/>
</testsuite> <!-- Chrome -->
