<?xml version="1.0" encoding="UTF-8"?>
<testng-results skipped="0" failed="0" ignored="0" total="3" passed="3">
  <reporter-output>
  </reporter-output>
  <suite name="Default suite" duration-ms="54" started-at="2019-10-10T08:50:35 IST" finished-at="2019-10-10T08:50:35 IST">
    <groups>
    </groups>
    <test name="Default test" duration-ms="54" started-at="2019-10-10T08:50:35 IST" finished-at="2019-10-10T08:50:35 IST">
      <class name="myTestNGPack.Testngbasic">
        <test-method status="PASS" signature="firstmethod()[pri:0, instance:myTestNGPack.Testngbasic@5f9d02cb]" name="firstmethod" is-config="true" duration-ms="9" started-at="2019-10-10T08:50:35 IST" finished-at="2019-10-10T08:50:35 IST">
          <reporter-output>
          </reporter-output>
        </test-method> <!-- firstmethod -->
        <test-method status="PASS" signature="thirdmethod()[pri:1, instance:myTestNGPack.Testngbasic@5f9d02cb]" name="thirdmethod" duration-ms="5" started-at="2019-10-10T08:50:35 IST" finished-at="2019-10-10T08:50:35 IST">
          <reporter-output>
          </reporter-output>
        </test-method> <!-- thirdmethod -->
        <test-method status="PASS" signature="secondmethod()[pri:2, instance:myTestNGPack.Testngbasic@5f9d02cb]" name="secondmethod" duration-ms="1" started-at="2019-10-10T08:50:35 IST" finished-at="2019-10-10T08:50:35 IST">
          <reporter-output>
          </reporter-output>
        </test-method> <!-- secondmethod -->
        <test-method status="PASS" signature="firstmethod()[pri:0, instance:myTestNGPack.Testngbasic@5f9d02cb]" name="firstmethod" is-config="true" duration-ms="0" started-at="2019-10-10T08:50:35 IST" finished-at="2019-10-10T08:50:35 IST">
          <reporter-output>
          </reporter-output>
        </test-method> <!-- firstmethod -->
        <test-method status="PASS" signature="firstmethod()[pri:0, instance:myTestNGPack.Testngbasic@5f9d02cb]" name="firstmethod" is-config="true" duration-ms="0" started-at="2019-10-10T08:50:35 IST" finished-at="2019-10-10T08:50:35 IST">
          <reporter-output>
          </reporter-output>
        </test-method> <!-- firstmethod -->
        <test-method status="PASS" signature="fourthmethod()[pri:3, instance:myTestNGPack.Testngbasic@5f9d02cb]" name="fourthmethod" duration-ms="1" started-at="2019-10-10T08:50:35 IST" finished-at="2019-10-10T08:50:35 IST">
          <reporter-output>
          </reporter-output>
        </test-method> <!-- fourthmethod -->
      </class> <!-- myTestNGPack.Testngbasic -->
    </test> <!-- Default test -->
  </suite> <!-- Default suite -->
</testng-results>
